<?xml version="1.0" encoding="UTF-8"?>
<!-- Generated by org.testng.reporters.JUnitReportReporter -->
<testsuite hostname="duplicate" failures="0" tests="1" name="com.inetbanking.testCases.TC_LoginTest_001" time="13.019" errors="0" timestamp="26 May 2022 14:47:50 GMT" skipped="0">
  <testcase classname="com.inetbanking.testCases.TC_LoginTest_001" name="loginTest" time="13.019"/>
</testsuite> <!-- com.inetbanking.testCases.TC_LoginTest_001 -->
